{"/Users/Hotblack/Coding/Coding/Tech_Tests/GildedRose-Refactoring-Kata/js-jasmine/src/gilded_rose.js": {"path":"/Users/Hotblack/Coding/Coding/Tech_Tests/GildedRose-Refactoring-Kata/js-jasmine/src/gilded_rose.js","statementMap":{"0":{"start":{"line":3,"column":4},"end":{"line":3,"column":21}},"1":{"start":{"line":4,"column":4},"end":{"line":4,"column":25}},"2":{"start":{"line":5,"column":4},"end":{"line":5,"column":27}},"3":{"start":{"line":11,"column":4},"end":{"line":11,"column":23}},"4":{"start":{"line":16,"column":4},"end":{"line":71,"column":5}},"5":{"start":{"line":16,"column":17},"end":{"line":16,"column":18}},"6":{"start":{"line":19,"column":6},"end":{"line":50,"column":7}},"7":{"start":{"line":20,"column":8},"end":{"line":24,"column":9}},"8":{"start":{"line":21,"column":10},"end":{"line":23,"column":11}},"9":{"start":{"line":22,"column":12},"end":{"line":22,"column":62}},"10":{"start":{"line":28,"column":8},"end":{"line":49,"column":9}},"11":{"start":{"line":29,"column":10},"end":{"line":29,"column":60}},"12":{"start":{"line":33,"column":10},"end":{"line":48,"column":11}},"13":{"start":{"line":34,"column":12},"end":{"line":38,"column":13}},"14":{"start":{"line":35,"column":14},"end":{"line":37,"column":15}},"15":{"start":{"line":36,"column":16},"end":{"line":36,"column":66}},"16":{"start":{"line":42,"column":12},"end":{"line":46,"column":13}},"17":{"start":{"line":43,"column":14},"end":{"line":45,"column":15}},"18":{"start":{"line":44,"column":16},"end":{"line":44,"column":66}},"19":{"start":{"line":51,"column":6},"end":{"line":53,"column":7}},"20":{"start":{"line":52,"column":8},"end":{"line":52,"column":56}},"21":{"start":{"line":54,"column":6},"end":{"line":70,"column":7}},"22":{"start":{"line":55,"column":8},"end":{"line":69,"column":9}},"23":{"start":{"line":56,"column":10},"end":{"line":64,"column":11}},"24":{"start":{"line":57,"column":12},"end":{"line":61,"column":13}},"25":{"start":{"line":58,"column":14},"end":{"line":60,"column":15}},"26":{"start":{"line":59,"column":16},"end":{"line":59,"column":66}},"27":{"start":{"line":63,"column":12},"end":{"line":63,"column":82}},"28":{"start":{"line":66,"column":10},"end":{"line":68,"column":11}},"29":{"start":{"line":67,"column":12},"end":{"line":67,"column":62}},"30":{"start":{"line":73,"column":4},"end":{"line":73,"column":22}},"31":{"start":{"line":76,"column":0},"end":{"line":79,"column":1}}},"fnMap":{"0":{"name":"(anonymous_0)","decl":{"start":{"line":2,"column":2},"end":{"line":2,"column":3}},"loc":{"start":{"line":2,"column":36},"end":{"line":6,"column":3}},"line":2},"1":{"name":"(anonymous_1)","decl":{"start":{"line":10,"column":2},"end":{"line":10,"column":3}},"loc":{"start":{"line":10,"column":23},"end":{"line":12,"column":3}},"line":10},"2":{"name":"(anonymous_2)","decl":{"start":{"line":14,"column":2},"end":{"line":14,"column":3}},"loc":{"start":{"line":14,"column":18},"end":{"line":74,"column":3}},"line":14}},"branchMap":{"0":{"loc":{"start":{"line":10,"column":14},"end":{"line":10,"column":22}},"type":"default-arg","locations":[{"start":{"line":10,"column":20},"end":{"line":10,"column":22}}],"line":10},"1":{"loc":{"start":{"line":19,"column":6},"end":{"line":50,"column":7}},"type":"if","locations":[{"start":{"line":19,"column":6},"end":{"line":50,"column":7}},{"start":{"line":19,"column":6},"end":{"line":50,"column":7}}],"line":19},"2":{"loc":{"start":{"line":19,"column":10},"end":{"line":19,"column":78}},"type":"binary-expr","locations":[{"start":{"line":19,"column":10},"end":{"line":19,"column":43}},{"start":{"line":19,"column":47},"end":{"line":19,"column":78}}],"line":19},"3":{"loc":{"start":{"line":20,"column":8},"end":{"line":24,"column":9}},"type":"if","locations":[{"start":{"line":20,"column":8},"end":{"line":24,"column":9}},{"start":{"line":20,"column":8},"end":{"line":24,"column":9}}],"line":20},"4":{"loc":{"start":{"line":21,"column":10},"end":{"line":23,"column":11}},"type":"if","locations":[{"start":{"line":21,"column":10},"end":{"line":23,"column":11}},{"start":{"line":21,"column":10},"end":{"line":23,"column":11}}],"line":21},"5":{"loc":{"start":{"line":28,"column":8},"end":{"line":49,"column":9}},"type":"if","locations":[{"start":{"line":28,"column":8},"end":{"line":49,"column":9}},{"start":{"line":28,"column":8},"end":{"line":49,"column":9}}],"line":28},"6":{"loc":{"start":{"line":33,"column":10},"end":{"line":48,"column":11}},"type":"if","locations":[{"start":{"line":33,"column":10},"end":{"line":48,"column":11}},{"start":{"line":33,"column":10},"end":{"line":48,"column":11}}],"line":33},"7":{"loc":{"start":{"line":34,"column":12},"end":{"line":38,"column":13}},"type":"if","locations":[{"start":{"line":34,"column":12},"end":{"line":38,"column":13}},{"start":{"line":34,"column":12},"end":{"line":38,"column":13}}],"line":34},"8":{"loc":{"start":{"line":35,"column":14},"end":{"line":37,"column":15}},"type":"if","locations":[{"start":{"line":35,"column":14},"end":{"line":37,"column":15}},{"start":{"line":35,"column":14},"end":{"line":37,"column":15}}],"line":35},"9":{"loc":{"start":{"line":42,"column":12},"end":{"line":46,"column":13}},"type":"if","locations":[{"start":{"line":42,"column":12},"end":{"line":46,"column":13}},{"start":{"line":42,"column":12},"end":{"line":46,"column":13}}],"line":42},"10":{"loc":{"start":{"line":43,"column":14},"end":{"line":45,"column":15}},"type":"if","locations":[{"start":{"line":43,"column":14},"end":{"line":45,"column":15}},{"start":{"line":43,"column":14},"end":{"line":45,"column":15}}],"line":43},"11":{"loc":{"start":{"line":51,"column":6},"end":{"line":53,"column":7}},"type":"if","locations":[{"start":{"line":51,"column":6},"end":{"line":53,"column":7}},{"start":{"line":51,"column":6},"end":{"line":53,"column":7}}],"line":51},"12":{"loc":{"start":{"line":54,"column":6},"end":{"line":70,"column":7}},"type":"if","locations":[{"start":{"line":54,"column":6},"end":{"line":70,"column":7}},{"start":{"line":54,"column":6},"end":{"line":70,"column":7}}],"line":54},"13":{"loc":{"start":{"line":55,"column":8},"end":{"line":69,"column":9}},"type":"if","locations":[{"start":{"line":55,"column":8},"end":{"line":69,"column":9}},{"start":{"line":55,"column":8},"end":{"line":69,"column":9}}],"line":55},"14":{"loc":{"start":{"line":56,"column":10},"end":{"line":64,"column":11}},"type":"if","locations":[{"start":{"line":56,"column":10},"end":{"line":64,"column":11}},{"start":{"line":56,"column":10},"end":{"line":64,"column":11}}],"line":56},"15":{"loc":{"start":{"line":57,"column":12},"end":{"line":61,"column":13}},"type":"if","locations":[{"start":{"line":57,"column":12},"end":{"line":61,"column":13}},{"start":{"line":57,"column":12},"end":{"line":61,"column":13}}],"line":57},"16":{"loc":{"start":{"line":58,"column":14},"end":{"line":60,"column":15}},"type":"if","locations":[{"start":{"line":58,"column":14},"end":{"line":60,"column":15}},{"start":{"line":58,"column":14},"end":{"line":60,"column":15}}],"line":58},"17":{"loc":{"start":{"line":66,"column":10},"end":{"line":68,"column":11}},"type":"if","locations":[{"start":{"line":66,"column":10},"end":{"line":68,"column":11}},{"start":{"line":66,"column":10},"end":{"line":68,"column":11}}],"line":66}},"s":{"0":21,"1":21,"2":21,"3":21,"4":21,"5":21,"6":21,"7":9,"8":7,"9":5,"10":12,"11":9,"12":9,"13":5,"14":4,"15":4,"16":5,"17":3,"18":3,"19":21,"20":19,"21":21,"22":10,"23":7,"24":5,"25":3,"26":3,"27":2,"28":3,"29":2,"30":21,"31":1},"f":{"0":21,"1":21,"2":21},"b":{"0":[0],"1":[9,12],"2":[21,16],"3":[7,2],"4":[5,2],"5":[9,3],"6":[5,4],"7":[4,1],"8":[4,0],"9":[3,2],"10":[3,0],"11":[19,2],"12":[10,11],"13":[7,3],"14":[5,2],"15":[3,2],"16":[3,0],"17":[2,1]},"_coverageSchema":"43e27e138ebf9cfc5966b082cf9a028302ed4184","hash":"b94a15bfe365f59a7dbb8a3a73794901fa284c99"}
}
